19:54:51 **** Incremental Build of configuration Debug for project tps_laboratorio_1 ****
Info: Internal Builder is used for build
gcc -O0 -g3 -Wall -c -fmessage-length=0 -o "src\\archivo.o" "..\\src\\archivo.c" 
gcc -O0 -g3 -Wall -c -fmessage-length=0 -o "src\\tps_laboratorio_1.o" "..\\src\\tps_laboratorio_1.c" 
gcc -o tps_laboratorio_1.exe "src\\archivo.o" "src\\tps_laboratorio_1.o" 

19:54:53 Build Finished. 0 errors, 0 warnings. (took 2s.4ms)

19:54:53 **** Incremental Build of configuration Release for project tps_laboratorio_1 ****
Info: Internal Builder is used for build
gcc -O3 -Wall -c -fmessage-length=0 -o "src\\tps_laboratorio_1.o" "..\\src\\tps_laboratorio_1.c" 
..\src\tps_laboratorio_1.c: In function 'main':
..\src\tps_laboratorio_1.c:109:4: warning: 'precioDebitoLatam' may be used uninitialized in this function [-Wmaybe-uninitialized]
  109 |    printf("el costo con debito es: %.2f\n", precioDebitoLatam);
      |    ^~~~~~~~~~~~~~~~~~~~~~~~~~~~~~~~~~~~~~~~~~~~~~~~~~~~~~~~~~~
..\src\tps_laboratorio_1.c:107:4: warning: 'precioDebitoAerolineas' may be used uninitialized in this function [-Wmaybe-uninitialized]
  107 |    printf("el costo con debito es: %.2f\n", precioDebitoAerolineas);
      |    ^~~~~~~~~~~~~~~~~~~~~~~~~~~~~~~~~~~~~~~~~~~~~~~~~~~~~~~~~~~~~~~~
gcc -O3 -Wall -c -fmessage-length=0 -o "src\\archivo.o" "..\\src\\archivo.c" 
gcc -o tps_laboratorio_1.exe "src\\archivo.o" "src\\tps_laboratorio_1.o" 
19:57:52 **** Incremental Build of configuration Debug for project tps_laboratorio_1 ****
Info: Internal Builder is used for build
gcc -O0 -g3 -Wall -c -fmessage-length=0 -o "src\\tps_laboratorio_1.o" "..\\src\\tps_laboratorio_1.c" 
gcc -o tps_laboratorio_1.exe "src\\archivo.o" "src\\tps_laboratorio_1.o" 
Info: Nothing to build for tps_laboratorio_1
20:06:06 **** Incremental Build of configuration Debug for project tps_laboratorio_1 ****
Info: Internal Builder is used for build
gcc -O0 -g3 -Wall -c -fmessage-length=0 -o "src\\tps_laboratorio_1.o" "..\\src\\tps_laboratorio_1.c" 
..\src\tps_laboratorio_1.c: In function 'main':
..\src\tps_laboratorio_1.c:100:26: warning: implicit declaration of function 'calcularTarjetaCredito' [-Wimplicit-function-declaration]
  100 |     precioCreditoLatam = calcularTarjetaCredito(precioLatam, interes);
      |                          ^~~~~~~~~~~~~~~~~~~~~~
gcc -o tps_laboratorio_1.exe "src\\archivo.o" "src\\tps_laboratorio_1.o" 
c:/mingw/bin/../lib/gcc/mingw32/9.2.0/../../../../mingw32/bin/ld.exe: cannot open output file tps_laboratorio_1.exe: Permission denied
collect2.exe: error: ld returned 1 exit status
20:07:04 **** Incremental Build of configuration Debug for project tps_laboratorio_1 ****
Info: Internal Builder is used for build
gcc -O0 -g3 -Wall -c -fmessage-length=0 -o "src\\tps_laboratorio_1.o" "..\\src\\tps_laboratorio_1.c" 
gcc -O0 -g3 -Wall -c -fmessage-length=0 -o "src\\archivo.o" "..\\src\\archivo.c" 
gcc -o tps_laboratorio_1.exe "src\\archivo.o" "src\\tps_laboratorio_1.o" 
Info: Nothing to build for tps_laboratorio_1
20:20:08 **** Incremental Build of configuration Debug for project tps_laboratorio_1 ****
Info: Internal Builder is used for build
gcc -O0 -g3 -Wall -c -fmessage-length=0 -o "src\\tps_laboratorio_1.o" "..\\src\\tps_laboratorio_1.c" 
gcc -O0 -g3 -Wall -c -fmessage-length=0 -o "src\\archivo.o" "..\\src\\archivo.c" 
gcc -o tps_laboratorio_1.exe "src\\archivo.o" "src\\tps_laboratorio_1.o" 
Info: Nothing to build for tps_laboratorio_1
20:23:35 **** Incremental Build of configuration Debug for project tps_laboratorio_1 ****
Info: Internal Builder is used for build
gcc -O0 -g3 -Wall -c -fmessage-length=0 -o "src\\tps_laboratorio_1.o" "..\\src\\tps_laboratorio_1.c" 
gcc -o tps_laboratorio_1.exe "src\\archivo.o" "src\\tps_laboratorio_1.o" 
Info: Nothing to build for tps_laboratorio_1
20:33:18 **** Incremental Build of configuration Debug for project tps_laboratorio_1 ****
Info: Internal Builder is used for build
gcc -O0 -g3 -Wall -c -fmessage-length=0 -o "src\\archivo.o" "..\\src\\archivo.c" 
gcc -O0 -g3 -Wall -c -fmessage-length=0 -o "src\\tps_laboratorio_1.o" "..\\src\\tps_laboratorio_1.c" 
..\src\tps_laboratorio_1.c: In function 'main':
..\src\tps_laboratorio_1.c:88:13: warning: format '%f' expects argument of type 'float *', but argument 2 has type 'int *' [-Wformat=]
   88 |     scanf("%f", &precioLatam);
      |            ~^   ~~~~~~~~~~~~
      |             |   |
      |             |   int *
      |             float *
      |            %d
..\src\tps_laboratorio_1.c:93:13: warning: format '%f' expects argument of type 'float *', but argument 2 has type 'int *' [-Wformat=]
   93 |     scanf("%f", &precioAerolineas);
      |            ~^   ~~~~~~~~~~~~~~~~~
      |             |   |
      |             |   int *
      |             float *
      |            %d
..\src\tps_laboratorio_1.c:123:32: warning: format '%f' expects argument of type 'double', but argument 2 has type 'int' [-Wformat=]
  123 |    printf("Precio aerolineas: %f\n",precioAerolineas);
      |                               ~^    ~~~~~~~~~~~~~~~~
      |                                |    |
      |                                |    int
      |                                double
      |                               %d
..\src\tps_laboratorio_1.c:128:27: warning: format '%f' expects argument of type 'double', but argument 2 has type 'int' [-Wformat=]
  128 |    printf("Precio Latam: %f\n", precioLatam);
      |                          ~^     ~~~~~~~~~~~
      |                           |     |
      |                           |     int
      |                           double
      |                          %d
gcc -o tps_laboratorio_1.exe "src\\archivo.o" "src\\tps_laboratorio_1.o" 
20:34:37 **** Incremental Build of configuration Debug for project tps_laboratorio_1 ****
Info: Internal Builder is used for build
gcc -O0 -g3 -Wall -c -fmessage-length=0 -o "src\\tps_laboratorio_1.o" "..\\src\\tps_laboratorio_1.c" 
gcc -o tps_laboratorio_1.exe "src\\archivo.o" "src\\tps_laboratorio_1.o" 
Info: Nothing to build for tps_laboratorio_1
20:37:09 **** Incremental Build of configuration Debug for project tps_laboratorio_1 ****
Info: Internal Builder is used for build
gcc -O0 -g3 -Wall -c -fmessage-length=0 -o "src\\archivo.o" "..\\src\\archivo.c" 
gcc -O0 -g3 -Wall -c -fmessage-length=0 -o "src\\tps_laboratorio_1.o" "..\\src\\tps_laboratorio_1.c" 
gcc -o tps_laboratorio_1.exe "src\\archivo.o" "src\\tps_laboratorio_1.o" 
Info: Nothing to build for tps_laboratorio_1
20:44:37 **** Incremental Build of configuration Debug for project tps_laboratorio_1 ****
Info: Internal Builder is used for build
gcc -O0 -g3 -Wall -c -fmessage-length=0 -o "src\\archivo.o" "..\\src\\archivo.c" 
gcc -O0 -g3 -Wall -c -fmessage-length=0 -o "src\\tps_laboratorio_1.o" "..\\src\\tps_laboratorio_1.c" 
gcc -o tps_laboratorio_1.exe "src\\archivo.o" "src\\tps_laboratorio_1.o" 
Info: Nothing to build for tps_laboratorio_1
21:19:01 **** Incremental Build of configuration Debug for project tps_laboratorio_1 ****
Info: Internal Builder is used for build
gcc -O0 -g3 -Wall -c -fmessage-length=0 -o "src\\archivo.o" "..\\src\\archivo.c" 
gcc -O0 -g3 -Wall -c -fmessage-length=0 -o "src\\tps_laboratorio_1.o" "..\\src\\tps_laboratorio_1.c" 
gcc -o tps_laboratorio_1.exe "src\\archivo.o" "src\\tps_laboratorio_1.o" 
Info: Nothing to build for tps_laboratorio_1
21:53:00 **** Incremental Build of configuration Debug for project tps_laboratorio_1 ****
Info: Internal Builder is used for build
gcc -O0 -g3 -Wall -c -fmessage-length=0 -o "src\\archivo.o" "..\\src\\archivo.c" 
gcc -O0 -g3 -Wall -c -fmessage-length=0 -o "src\\tps_laboratorio_1.o" "..\\src\\tps_laboratorio_1.c" 
gcc -o tps_laboratorio_1.exe "src\\archivo.o" "src\\tps_laboratorio_1.o" 
Info: Nothing to build for tps_laboratorio_1
21:57:47 **** Incremental Build of configuration Debug for project tps_laboratorio_1 ****
Info: Internal Builder is used for build
gcc -O0 -g3 -Wall -c -fmessage-length=0 -o "src\\tps_laboratorio_1.o" "..\\src\\tps_laboratorio_1.c" 
gcc -o tps_laboratorio_1.exe "src\\archivo.o" "src\\tps_laboratorio_1.o" 
Info: Nothing to build for tps_laboratorio_1
21:58:58 **** Incremental Build of configuration Debug for project tps_laboratorio_1 ****
Info: Internal Builder is used for build
gcc -O0 -g3 -Wall -c -fmessage-length=0 -o "src\\tps_laboratorio_1.o" "..\\src\\tps_laboratorio_1.c" 
gcc -o tps_laboratorio_1.exe "src\\archivo.o" "src\\tps_laboratorio_1.o" 
Info: Nothing to build for tps_laboratorio_1
22:02:48 **** Incremental Build of configuration Debug for project tps_laboratorio_1 ****
Info: Internal Builder is used for build
gcc -O0 -g3 -Wall -c -fmessage-length=0 -o "src\\tps_laboratorio_1.o" "..\\src\\tps_laboratorio_1.c" 
gcc -o tps_laboratorio_1.exe "src\\archivo.o" "src\\tps_laboratorio_1.o" 
Info: Nothing to build for tps_laboratorio_1
22:05:26 **** Incremental Build of configuration Debug for project tps_laboratorio_1 ****
Info: Internal Builder is used for build
gcc -O0 -g3 -Wall -c -fmessage-length=0 -o "src\\archivo.o" "..\\src\\archivo.c" 
gcc -o tps_laboratorio_1.exe "src\\archivo.o" "src\\tps_laboratorio_1.o" 
Info: Nothing to build for tps_laboratorio_1
22:06:40 **** Incremental Build of configuration Debug for project tps_laboratorio_1 ****
Info: Internal Builder is used for build
gcc -O0 -g3 -Wall -c -fmessage-length=0 -o "src\\tps_laboratorio_1.o" "..\\src\\tps_laboratorio_1.c" 
gcc -o tps_laboratorio_1.exe "src\\archivo.o" "src\\tps_laboratorio_1.o" 
Info: Nothing to build for tps_laboratorio_1
22:08:44 **** Incremental Build of configuration Debug for project tps_laboratorio_1 ****
Info: Internal Builder is used for build
gcc -O0 -g3 -Wall -c -fmessage-length=0 -o "src\\tps_laboratorio_1.o" "..\\src\\tps_laboratorio_1.c" 
gcc -o tps_laboratorio_1.exe "src\\archivo.o" "src\\tps_laboratorio_1.o" 
Info: Nothing to build for tps_laboratorio_1
